2020-07-22 16:50:04.252  INFO 4752 --- [main] com.bfec.transfer.Application        : Starting Application on DESKTOP-0PA0PKS with PID 4752 (E:\source\transfer\target\classes started by Administrator in E:\source\transfer)
2020-07-22 16:50:04.254  INFO 4752 --- [main] com.bfec.transfer.Application        : No profiles are active
2020-07-22 16:50:04.289  INFO 4752 --- [main] ationConfigEmbeddedWebApplicationContext : Refreshing org.springframework.boot.context.embedded.AnnotationConfigEmbeddedWebApplicationContext@6ce139a4: startup date [Wed Jul 22 16:50:04 CST 2020]; root of context hierarchy
2020-07-22 16:50:05.168  WARN 4752 --- [main] o.m.s.mapper.ClassPathMapperScanner      : No MyBatis mapper was found in '[com.bfec.transfer.start.config]' package. Please check your configuration.
2020-07-22 16:50:05.257  INFO 4752 --- [main] o.s.b.f.s.DefaultListableBeanFactory     : Overriding bean definition for bean 'beanNameViewResolver' with a different definition: replacing [Root bean: class [null]; scope=; abstract=false; lazyInit=false; autowireMode=3; dependencyCheck=0; autowireCandidate=true; primary=false; factoryBeanName=org.springframework.boot.autoconfigure.web.ErrorMvcAutoConfiguration$WhitelabelErrorViewConfiguration; factoryMethodName=beanNameViewResolver; initMethodName=null; destroyMethodName=(inferred); defined in class path resource [org/springframework/boot/autoconfigure/web/ErrorMvcAutoConfiguration$WhitelabelErrorViewConfiguration.class]] with [Root bean: class [null]; scope=; abstract=false; lazyInit=false; autowireMode=3; dependencyCheck=0; autowireCandidate=true; primary=false; factoryBeanName=org.springframework.boot.autoconfigure.web.WebMvcAutoConfiguration$WebMvcAutoConfigurationAdapter; factoryMethodName=beanNameViewResolver; initMethodName=null; destroyMethodName=(inferred); defined in class path resource [org/springframework/boot/autoconfigure/web/WebMvcAutoConfiguration$WebMvcAutoConfigurationAdapter.class]]
2020-07-22 16:50:05.576  INFO 4752 --- [main] trationDelegate$BeanPostProcessorChecker : Bean 'redisConfig' of type [class com.bfec.transfer.conf.RedisConfig$$EnhancerBySpringCGLIB$$2918bf48] is not eligible for getting processed by all BeanPostProcessors (for example: not eligible for auto-proxying)
2020-07-22 16:50:05.620  INFO 4752 --- [main] trationDelegate$BeanPostProcessorChecker : Bean 'org.springframework.cache.annotation.ProxyCachingConfiguration' of type [class org.springframework.cache.annotation.ProxyCachingConfiguration$$EnhancerBySpringCGLIB$$e333f361] is not eligible for getting processed by all BeanPostProcessors (for example: not eligible for auto-proxying)
2020-07-22 16:50:05.638  INFO 4752 --- [main] trationDelegate$BeanPostProcessorChecker : Bean 'org.springframework.transaction.annotation.ProxyTransactionManagementConfiguration' of type [class org.springframework.transaction.annotation.ProxyTransactionManagementConfiguration$$EnhancerBySpringCGLIB$$7bd62903] is not eligible for getting processed by all BeanPostProcessors (for example: not eligible for auto-proxying)
2020-07-22 16:50:05.831  INFO 4752 --- [main] s.b.c.e.t.TomcatEmbeddedServletContainer : Tomcat initialized with port(s): 8082 (http)
2020-07-22 16:50:05.837  INFO 4752 --- [main] o.apache.catalina.core.StandardService   : Starting service Tomcat
2020-07-22 16:50:05.838  INFO 4752 --- [main] org.apache.catalina.core.StandardEngine  : Starting Servlet Engine: Apache Tomcat/8.0.28
2020-07-22 16:50:05.888  INFO 4752 --- [localhost-startStop-1] o.a.c.c.C.[Tomcat].[localhost].[/]       : Initializing Spring embedded WebApplicationContext
2020-07-22 16:50:05.888  INFO 4752 --- [localhost-startStop-1] o.s.web.context.ContextLoader            : Root WebApplicationContext: initialization completed in 1599 ms
2020-07-22 16:50:06.035  INFO 4752 --- [localhost-startStop-1] o.s.b.c.e.ServletRegistrationBean        : Mapping servlet: 'dispatcherServlet' to [/]
2020-07-22 16:50:06.038  INFO 4752 --- [localhost-startStop-1] o.s.b.c.embedded.FilterRegistrationBean  : Mapping filter: 'characterEncodingFilter' to: [/*]
2020-07-22 16:50:06.039  INFO 4752 --- [localhost-startStop-1] o.s.b.c.embedded.FilterRegistrationBean  : Mapping filter: 'hiddenHttpMethodFilter' to: [/*]
2020-07-22 16:50:06.039  INFO 4752 --- [localhost-startStop-1] o.s.b.c.embedded.FilterRegistrationBean  : Mapping filter: 'httpPutFormContentFilter' to: [/*]
2020-07-22 16:50:06.039  INFO 4752 --- [localhost-startStop-1] o.s.b.c.embedded.FilterRegistrationBean  : Mapping filter: 'requestContextFilter' to: [/*]
2020-07-22 16:50:06.072  INFO 4752 --- [main] com.mchange.v2.log.MLog                  : MLog clients using log4j logging.
2020-07-22 16:50:06.085  INFO 4752 --- [main] com.mchange.v2.c3p0.C3P0Registry         : Initializing c3p0-0.9.1.2 [built 21-May-2007 15:04:56; debug? true; trace: 10]
2020-07-22 16:50:06.182  INFO 4752 --- [main] c.m.v.c.i.AbstractPoolBackedDataSource   : Initializing c3p0 pool... com.mchange.v2.c3p0.ComboPooledDataSource [ acquireIncrement -> 3, acquireRetryAttempts -> 30, acquireRetryDelay -> 1000, autoCommitOnClose -> false, automaticTestTable -> null, breakAfterAcquireFailure -> false, checkoutTimeout -> 0, connectionCustomizerClassName -> null, connectionTesterClassName -> com.mchange.v2.c3p0.impl.DefaultConnectionTester, dataSourceName -> 1hge1a3abwntsw21g4ur0z|1b90fee4, debugUnreturnedConnectionStackTraces -> false, description -> null, driverClass -> com.mysql.jdbc.Driver, factoryClassLocation -> null, forceIgnoreUnresolvedTransactions -> false, identityToken -> 1hge1a3abwntsw21g4ur0z|1b90fee4, idleConnectionTestPeriod -> 3000, initialPoolSize -> 5, jdbcUrl -> jdbc:mysql://120.132.55.103:3308/league_data?useunicode=true&characterencoding=utf8&autoreconnect=true&rewritebatchedstatements=true&zerodatetimebehavior=converttonull, maxAdministrativeTaskTime -> 0, maxConnectionAge -> 0, maxIdleTime -> 0, maxIdleTimeExcessConnections -> 0, maxPoolSize -> 10, maxStatements -> 0, maxStatementsPerConnection -> 0, minPoolSize -> 2, numHelperThreads -> 3, numThreadsAwaitingCheckoutDefaultUser -> 0, preferredTestQuery -> null, properties -> {user=******, password=******}, propertyCycle -> 0, testConnectionOnCheckin -> false, testConnectionOnCheckout -> false, unreturnedConnectionTimeout -> 0, usesTraditionalReflectiveProxies -> false ]
2020-07-22 16:50:26.174  WARN 4752 --- [Timer-0] c.m.v.a.ThreadPoolAsynchronousRunner     : com.mchange.v2.async.ThreadPoolAsynchronousRunner$DeadlockDetector@36664afc -- APPARENT DEADLOCK!!! Creating emergency threads for unassigned pending tasks!
2020-07-22 16:50:26.175  WARN 4752 --- [Timer-0] c.m.v.a.ThreadPoolAsynchronousRunner     : com.mchange.v2.async.ThreadPoolAsynchronousRunner$DeadlockDetector@36664afc -- APPARENT DEADLOCK!!! Complete Status: 
	Managed Threads: 3
	Active Threads: 3
	Active Tasks: 
		com.mchange.v2.resourcepool.BasicResourcePool$AcquireTask@799ca87b (com.mchange.v2.async.ThreadPoolAsynchronousRunner$PoolThread-#1)
		com.mchange.v2.resourcepool.BasicResourcePool$AcquireTask@7d293c1e (com.mchange.v2.async.ThreadPoolAsynchronousRunner$PoolThread-#0)
		com.mchange.v2.resourcepool.BasicResourcePool$AcquireTask@48af3259 (com.mchange.v2.async.ThreadPoolAsynchronousRunner$PoolThread-#2)
	Pending Tasks: 
		com.mchange.v2.resourcepool.BasicResourcePool$AcquireTask@5f0f881
		com.mchange.v2.resourcepool.BasicResourcePool$AcquireTask@19b35734
Pool thread stack traces:
	Thread[com.mchange.v2.async.ThreadPoolAsynchronousRunner$PoolThread-#1,5,main]
		java.net.DualStackPlainSocketImpl.connect0(Native Method)
		java.net.DualStackPlainSocketImpl.socketConnect(DualStackPlainSocketImpl.java:79)
		java.net.AbstractPlainSocketImpl.doConnect(AbstractPlainSocketImpl.java:350)
		java.net.AbstractPlainSocketImpl.connectToAddress(AbstractPlainSocketImpl.java:206)
		java.net.AbstractPlainSocketImpl.connect(AbstractPlainSocketImpl.java:188)
		java.net.PlainSocketImpl.connect(PlainSocketImpl.java:172)
		java.net.SocksSocketImpl.connect(SocksSocketImpl.java:392)
		java.net.Socket.connect(Socket.java:589)
		com.mysql.jdbc.StandardSocketFactory.connect(StandardSocketFactory.java:213)
		com.mysql.jdbc.MysqlIO.<init>(MysqlIO.java:297)
		com.mysql.jdbc.ConnectionImpl.coreConnect(ConnectionImpl.java:2232)
		com.mysql.jdbc.ConnectionImpl.connectOneTryOnly(ConnectionImpl.java:2265)
		com.mysql.jdbc.ConnectionImpl.createNewIO(ConnectionImpl.java:2064)
		com.mysql.jdbc.ConnectionImpl.<init>(ConnectionImpl.java:790)
		com.mysql.jdbc.JDBC4Connection.<init>(JDBC4Connection.java:44)
		sun.reflect.NativeConstructorAccessorImpl.newInstance0(Native Method)
		sun.reflect.NativeConstructorAccessorImpl.newInstance(NativeConstructorAccessorImpl.java:62)
		sun.reflect.DelegatingConstructorAccessorImpl.newInstance(DelegatingConstructorAccessorImpl.java:45)
		java.lang.reflect.Constructor.newInstance(Constructor.java:423)
		com.mysql.jdbc.Util.handleNewInstance(Util.java:377)
		com.mysql.jdbc.ConnectionImpl.getInstance(ConnectionImpl.java:395)
		com.mysql.jdbc.NonRegisteringDriver.connect(NonRegisteringDriver.java:325)
		com.mchange.v2.c3p0.DriverManagerDataSource.getConnection(DriverManagerDataSource.java:134)
		com.mchange.v2.c3p0.WrapperConnectionPoolDataSource.getPooledConnection(WrapperConnectionPoolDataSource.java:182)
		com.mchange.v2.c3p0.WrapperConnectionPoolDataSource.getPooledConnection(WrapperConnectionPoolDataSource.java:171)
		com.mchange.v2.c3p0.impl.C3P0PooledConnectionPool$1PooledConnectionResourcePoolManager.acquireResource(C3P0PooledConnectionPool.java:137)
		com.mchange.v2.resourcepool.BasicResourcePool.doAcquire(BasicResourcePool.java:1014)
		com.mchange.v2.resourcepool.BasicResourcePool.access$800(BasicResourcePool.java:32)
		com.mchange.v2.resourcepool.BasicResourcePool$AcquireTask.run(BasicResourcePool.java:1810)
		com.mchange.v2.async.ThreadPoolAsynchronousRunner$PoolThread.run(ThreadPoolAsynchronousRunner.java:547)
	Thread[com.mchange.v2.async.ThreadPoolAsynchronousRunner$PoolThread-#2,5,main]
		java.net.DualStackPlainSocketImpl.connect0(Native Method)
		java.net.DualStackPlainSocketImpl.socketConnect(DualStackPlainSocketImpl.java:79)
		java.net.AbstractPlainSocketImpl.doConnect(AbstractPlainSocketImpl.java:350)
		java.net.AbstractPlainSocketImpl.connectToAddress(AbstractPlainSocketImpl.java:206)
		java.net.AbstractPlainSocketImpl.connect(AbstractPlainSocketImpl.java:188)
		java.net.PlainSocketImpl.connect(PlainSocketImpl.java:172)
		java.net.SocksSocketImpl.connect(SocksSocketImpl.java:392)
		java.net.Socket.connect(Socket.java:589)
		com.mysql.jdbc.StandardSocketFactory.connect(StandardSocketFactory.java:213)
		com.mysql.jdbc.MysqlIO.<init>(MysqlIO.java:297)
		com.mysql.jdbc.ConnectionImpl.coreConnect(ConnectionImpl.java:2232)
		com.mysql.jdbc.ConnectionImpl.connectOneTryOnly(ConnectionImpl.java:2265)
		com.mysql.jdbc.ConnectionImpl.createNewIO(ConnectionImpl.java:2064)
		com.mysql.jdbc.ConnectionImpl.<init>(ConnectionImpl.java:790)
		com.mysql.jdbc.JDBC4Connection.<init>(JDBC4Connection.java:44)
		sun.reflect.NativeConstructorAccessorImpl.newInstance0(Native Method)
		sun.reflect.NativeConstructorAccessorImpl.newInstance(NativeConstructorAccessorImpl.java:62)
		sun.reflect.DelegatingConstructorAccessorImpl.newInstance(DelegatingConstructorAccessorImpl.java:45)
		java.lang.reflect.Constructor.newInstance(Constructor.java:423)
		com.mysql.jdbc.Util.handleNewInstance(Util.java:377)
		com.mysql.jdbc.ConnectionImpl.getInstance(ConnectionImpl.java:395)
		com.mysql.jdbc.NonRegisteringDriver.connect(NonRegisteringDriver.java:325)
		com.mchange.v2.c3p0.DriverManagerDataSource.getConnection(DriverManagerDataSource.java:134)
		com.mchange.v2.c3p0.WrapperConnectionPoolDataSource.getPooledConnection(WrapperConnectionPoolDataSource.java:182)
		com.mchange.v2.c3p0.WrapperConnectionPoolDataSource.getPooledConnection(WrapperConnectionPoolDataSource.java:171)
		com.mchange.v2.c3p0.impl.C3P0PooledConnectionPool$1PooledConnectionResourcePoolManager.acquireResource(C3P0PooledConnectionPool.java:137)
		com.mchange.v2.resourcepool.BasicResourcePool.doAcquire(BasicResourcePool.java:1014)
		com.mchange.v2.resourcepool.BasicResourcePool.access$800(BasicResourcePool.java:32)
		com.mchange.v2.resourcepool.BasicResourcePool$AcquireTask.run(BasicResourcePool.java:1810)
		com.mchange.v2.async.ThreadPoolAsynchronousRunner$PoolThread.run(ThreadPoolAsynchronousRunner.java:547)
	Thread[com.mchange.v2.async.ThreadPoolAsynchronousRunner$PoolThread-#0,5,main]
		java.net.DualStackPlainSocketImpl.connect0(Native Method)
		java.net.DualStackPlainSocketImpl.socketConnect(DualStackPlainSocketImpl.java:79)
		java.net.AbstractPlainSocketImpl.doConnect(AbstractPlainSocketImpl.java:350)
		java.net.AbstractPlainSocketImpl.connectToAddress(AbstractPlainSocketImpl.java:206)
		java.net.AbstractPlainSocketImpl.connect(AbstractPlainSocketImpl.java:188)
		java.net.PlainSocketImpl.connect(PlainSocketImpl.java:172)
		java.net.SocksSocketImpl.connect(SocksSocketImpl.java:392)
		java.net.Socket.connect(Socket.java:589)
		com.mysql.jdbc.StandardSocketFactory.connect(StandardSocketFactory.java:213)
		com.mysql.jdbc.MysqlIO.<init>(MysqlIO.java:297)
		com.mysql.jdbc.ConnectionImpl.coreConnect(ConnectionImpl.java:2232)
		com.mysql.jdbc.ConnectionImpl.connectOneTryOnly(ConnectionImpl.java:2265)
		com.mysql.jdbc.ConnectionImpl.createNewIO(ConnectionImpl.java:2064)
		com.mysql.jdbc.ConnectionImpl.<init>(ConnectionImpl.java:790)
		com.mysql.jdbc.JDBC4Connection.<init>(JDBC4Connection.java:44)
		sun.reflect.NativeConstructorAccessorImpl.newInstance0(Native Method)
		sun.reflect.NativeConstructorAccessorImpl.newInstance(NativeConstructorAccessorImpl.java:62)
		sun.reflect.DelegatingConstructorAccessorImpl.newInstance(DelegatingConstructorAccessorImpl.java:45)
		java.lang.reflect.Constructor.newInstance(Constructor.java:423)
		com.mysql.jdbc.Util.handleNewInstance(Util.java:377)
		com.mysql.jdbc.ConnectionImpl.getInstance(ConnectionImpl.java:395)
		com.mysql.jdbc.NonRegisteringDriver.connect(NonRegisteringDriver.java:325)
		com.mchange.v2.c3p0.DriverManagerDataSource.getConnection(DriverManagerDataSource.java:134)
		com.mchange.v2.c3p0.WrapperConnectionPoolDataSource.getPooledConnection(WrapperConnectionPoolDataSource.java:182)
		com.mchange.v2.c3p0.WrapperConnectionPoolDataSource.getPooledConnection(WrapperConnectionPoolDataSource.java:171)
		com.mchange.v2.c3p0.impl.C3P0PooledConnectionPool$1PooledConnectionResourcePoolManager.acquireResource(C3P0PooledConnectionPool.java:137)
		com.mchange.v2.resourcepool.BasicResourcePool.doAcquire(BasicResourcePool.java:1014)
		com.mchange.v2.resourcepool.BasicResourcePool.access$800(BasicResourcePool.java:32)
		com.mchange.v2.resourcepool.BasicResourcePool$AcquireTask.run(BasicResourcePool.java:1810)
		com.mchange.v2.async.ThreadPoolAsynchronousRunner$PoolThread.run(ThreadPoolAsynchronousRunner.java:547)


2020-07-22 16:51:26.177  WARN 4752 --- [Timer-0] c.m.v.a.ThreadPoolAsynchronousRunner     : Task com.mchange.v2.resourcepool.BasicResourcePool$AcquireTask@799ca87b (in deadlocked PoolThread) failed to complete in maximum time 60000ms. Trying interrupt().
2020-07-22 16:51:26.177  WARN 4752 --- [Timer-0] c.m.v.a.ThreadPoolAsynchronousRunner     : Task com.mchange.v2.resourcepool.BasicResourcePool$AcquireTask@48af3259 (in deadlocked PoolThread) failed to complete in maximum time 60000ms. Trying interrupt().
2020-07-22 16:51:26.177  WARN 4752 --- [Timer-0] c.m.v.a.ThreadPoolAsynchronousRunner     : Task com.mchange.v2.resourcepool.BasicResourcePool$AcquireTask@7d293c1e (in deadlocked PoolThread) failed to complete in maximum time 60000ms. Trying interrupt().
2020-07-22 16:51:33.240  WARN 4752 --- [com.mchange.v2.async.ThreadPoolAsynchronousRunner$PoolThread-#0] c.m.v2.resourcepool.BasicResourcePool    : com.mchange.v2.resourcepool.BasicResourcePool@ee8e7ff -- Thread unexpectedly interrupted while performing an acquisition attempt.

java.lang.InterruptedException: sleep interrupted
	at java.lang.Thread.sleep(Native Method) ~[na:1.8.0_181]
	at com.mchange.v2.resourcepool.BasicResourcePool$AcquireTask.run(BasicResourcePool.java:1805) ~[c3p0-0.9.1.2.jar:0.9.1.2]
	at com.mchange.v2.async.ThreadPoolAsynchronousRunner$PoolThread.run(ThreadPoolAsynchronousRunner.java:547) [c3p0-0.9.1.2.jar:0.9.1.2]

2020-07-22 16:51:33.240  WARN 4752 --- [com.mchange.v2.async.ThreadPoolAsynchronousRunner$PoolThread-#1] c.m.v2.resourcepool.BasicResourcePool    : com.mchange.v2.resourcepool.BasicResourcePool@ee8e7ff -- Thread unexpectedly interrupted while performing an acquisition attempt.

java.lang.InterruptedException: sleep interrupted
	at java.lang.Thread.sleep(Native Method) ~[na:1.8.0_181]
	at com.mchange.v2.resourcepool.BasicResourcePool$AcquireTask.run(BasicResourcePool.java:1805) ~[c3p0-0.9.1.2.jar:0.9.1.2]
	at com.mchange.v2.async.ThreadPoolAsynchronousRunner$PoolThread.run(ThreadPoolAsynchronousRunner.java:547) [c3p0-0.9.1.2.jar:0.9.1.2]

2020-07-22 16:51:33.240  WARN 4752 --- [com.mchange.v2.async.ThreadPoolAsynchronousRunner$PoolThread-#2] c.m.v2.resourcepool.BasicResourcePool    : com.mchange.v2.resourcepool.BasicResourcePool@ee8e7ff -- Thread unexpectedly interrupted while performing an acquisition attempt.

java.lang.InterruptedException: sleep interrupted
	at java.lang.Thread.sleep(Native Method) ~[na:1.8.0_181]
	at com.mchange.v2.resourcepool.BasicResourcePool$AcquireTask.run(BasicResourcePool.java:1805) ~[c3p0-0.9.1.2.jar:0.9.1.2]
	at com.mchange.v2.async.ThreadPoolAsynchronousRunner$PoolThread.run(ThreadPoolAsynchronousRunner.java:547) [c3p0-0.9.1.2.jar:0.9.1.2]

2020-07-22 17:01:25.267  WARN 4752 --- [Task-Thread-for-com.mchange.v2.async.ThreadPerTaskAsynchronousRunner@2ac11cd7] c.m.v2.resourcepool.BasicResourcePool    : com.mchange.v2.resourcepool.BasicResourcePool$AcquireTask@5f0f881 -- Acquisition Attempt Failed!!! Clearing pending acquires. While trying to acquire a needed new resource, we failed to succeed more than the maximum number of allowed acquisition attempts (30). Last acquisition attempt exception: 

com.mysql.jdbc.exceptions.jdbc4.CommunicationsException: Communications link failure

The last packet sent successfully to the server was 0 milliseconds ago. The driver has not received any packets from the server.
	at sun.reflect.GeneratedConstructorAccessor37.newInstance(Unknown Source) ~[na:na]
	at sun.reflect.DelegatingConstructorAccessorImpl.newInstance(DelegatingConstructorAccessorImpl.java:45) ~[na:1.8.0_181]
	at java.lang.reflect.Constructor.newInstance(Constructor.java:423) ~[na:1.8.0_181]
	at com.mysql.jdbc.Util.handleNewInstance(Util.java:377) ~[mysql-connector-java-5.1.34.jar:5.1.34]
	at com.mysql.jdbc.SQLError.createCommunicationsException(SQLError.java:1036) ~[mysql-connector-java-5.1.34.jar:5.1.34]
	at com.mysql.jdbc.MysqlIO.<init>(MysqlIO.java:338) ~[mysql-connector-java-5.1.34.jar:5.1.34]
	at com.mysql.jdbc.ConnectionImpl.coreConnect(ConnectionImpl.java:2232) ~[mysql-connector-java-5.1.34.jar:5.1.34]
	at com.mysql.jdbc.ConnectionImpl.connectOneTryOnly(ConnectionImpl.java:2265) ~[mysql-connector-java-5.1.34.jar:5.1.34]
	at com.mysql.jdbc.ConnectionImpl.createNewIO(ConnectionImpl.java:2064) ~[mysql-connector-java-5.1.34.jar:5.1.34]
	at com.mysql.jdbc.ConnectionImpl.<init>(ConnectionImpl.java:790) ~[mysql-connector-java-5.1.34.jar:5.1.34]
	at com.mysql.jdbc.JDBC4Connection.<init>(JDBC4Connection.java:44) ~[mysql-connector-java-5.1.34.jar:5.1.34]
	at sun.reflect.GeneratedConstructorAccessor34.newInstance(Unknown Source) ~[na:na]
	at sun.reflect.DelegatingConstructorAccessorImpl.newInstance(DelegatingConstructorAccessorImpl.java:45) ~[na:1.8.0_181]
	at java.lang.reflect.Constructor.newInstance(Constructor.java:423) ~[na:1.8.0_181]
	at com.mysql.jdbc.Util.handleNewInstance(Util.java:377) ~[mysql-connector-java-5.1.34.jar:5.1.34]
	at com.mysql.jdbc.ConnectionImpl.getInstance(ConnectionImpl.java:395) ~[mysql-connector-java-5.1.34.jar:5.1.34]
	at com.mysql.jdbc.NonRegisteringDriver.connect(NonRegisteringDriver.java:325) ~[mysql-connector-java-5.1.34.jar:5.1.34]
	at com.mchange.v2.c3p0.DriverManagerDataSource.getConnection(DriverManagerDataSource.java:134) ~[c3p0-0.9.1.2.jar:0.9.1.2]
	at com.mchange.v2.c3p0.WrapperConnectionPoolDataSource.getPooledConnection(WrapperConnectionPoolDataSource.java:182) ~[c3p0-0.9.1.2.jar:0.9.1.2]
	at com.mchange.v2.c3p0.WrapperConnectionPoolDataSource.getPooledConnection(WrapperConnectionPoolDataSource.java:171) ~[c3p0-0.9.1.2.jar:0.9.1.2]
	at com.mchange.v2.c3p0.impl.C3P0PooledConnectionPool$1PooledConnectionResourcePoolManager.acquireResource(C3P0PooledConnectionPool.java:137) ~[c3p0-0.9.1.2.jar:0.9.1.2]
	at com.mchange.v2.resourcepool.BasicResourcePool.doAcquire(BasicResourcePool.java:1014) ~[c3p0-0.9.1.2.jar:0.9.1.2]
	at com.mchange.v2.resourcepool.BasicResourcePool.access$800(BasicResourcePool.java:32) ~[c3p0-0.9.1.2.jar:0.9.1.2]
	at com.mchange.v2.resourcepool.BasicResourcePool$AcquireTask.run(BasicResourcePool.java:1810) ~[c3p0-0.9.1.2.jar:0.9.1.2]
	at com.mchange.v2.async.ThreadPerTaskAsynchronousRunner$TaskThread.run(ThreadPerTaskAsynchronousRunner.java:255) [c3p0-0.9.1.2.jar:0.9.1.2]
Caused by: java.net.ConnectException: Connection timed out: connect
	at java.net.DualStackPlainSocketImpl.connect0(Native Method) ~[na:1.8.0_181]
	at java.net.DualStackPlainSocketImpl.socketConnect(DualStackPlainSocketImpl.java:79) ~[na:1.8.0_181]
	at java.net.AbstractPlainSocketImpl.doConnect(AbstractPlainSocketImpl.java:350) ~[na:1.8.0_181]
	at java.net.AbstractPlainSocketImpl.connectToAddress(AbstractPlainSocketImpl.java:206) ~[na:1.8.0_181]
	at java.net.AbstractPlainSocketImpl.connect(AbstractPlainSocketImpl.java:188) ~[na:1.8.0_181]
	at java.net.PlainSocketImpl.connect(PlainSocketImpl.java:172) ~[na:1.8.0_181]
	at java.net.SocksSocketImpl.connect(SocksSocketImpl.java:392) ~[na:1.8.0_181]
	at java.net.Socket.connect(Socket.java:589) ~[na:1.8.0_181]
	at com.mysql.jdbc.StandardSocketFactory.connect(StandardSocketFactory.java:213) ~[mysql-connector-java-5.1.34.jar:5.1.34]
	at com.mysql.jdbc.MysqlIO.<init>(MysqlIO.java:297) ~[mysql-connector-java-5.1.34.jar:5.1.34]
	... 19 common frames omitted

2020-07-22 17:01:25.291  WARN 4752 --- [Task-Thread-for-com.mchange.v2.async.ThreadPerTaskAsynchronousRunner@2ac11cd7] c.m.v2.resourcepool.BasicResourcePool    : com.mchange.v2.resourcepool.BasicResourcePool$AcquireTask@19b35734 -- Acquisition Attempt Failed!!! Clearing pending acquires. While trying to acquire a needed new resource, we failed to succeed more than the maximum number of allowed acquisition attempts (30). Last acquisition attempt exception: 

com.mysql.jdbc.exceptions.jdbc4.CommunicationsException: Communications link failure

The last packet sent successfully to the server was 0 milliseconds ago. The driver has not received any packets from the server.
	at sun.reflect.GeneratedConstructorAccessor37.newInstance(Unknown Source) ~[na:na]
	at sun.reflect.DelegatingConstructorAccessorImpl.newInstance(DelegatingConstructorAccessorImpl.java:45) ~[na:1.8.0_181]
	at java.lang.reflect.Constructor.newInstance(Constructor.java:423) ~[na:1.8.0_181]
	at com.mysql.jdbc.Util.handleNewInstance(Util.java:377) ~[mysql-connector-java-5.1.34.jar:5.1.34]
	at com.mysql.jdbc.SQLError.createCommunicationsException(SQLError.java:1036) ~[mysql-connector-java-5.1.34.jar:5.1.34]
	at com.mysql.jdbc.MysqlIO.<init>(MysqlIO.java:338) ~[mysql-connector-java-5.1.34.jar:5.1.34]
	at com.mysql.jdbc.ConnectionImpl.coreConnect(ConnectionImpl.java:2232) ~[mysql-connector-java-5.1.34.jar:5.1.34]
	at com.mysql.jdbc.ConnectionImpl.connectOneTryOnly(ConnectionImpl.java:2265) ~[mysql-connector-java-5.1.34.jar:5.1.34]
	at com.mysql.jdbc.ConnectionImpl.createNewIO(ConnectionImpl.java:2064) ~[mysql-connector-java-5.1.34.jar:5.1.34]
	at com.mysql.jdbc.ConnectionImpl.<init>(ConnectionImpl.java:790) ~[mysql-connector-java-5.1.34.jar:5.1.34]
	at com.mysql.jdbc.JDBC4Connection.<init>(JDBC4Connection.java:44) ~[mysql-connector-java-5.1.34.jar:5.1.34]
	at sun.reflect.GeneratedConstructorAccessor34.newInstance(Unknown Source) ~[na:na]
	at sun.reflect.DelegatingConstructorAccessorImpl.newInstance(DelegatingConstructorAccessorImpl.java:45) ~[na:1.8.0_181]
	at java.lang.reflect.Constructor.newInstance(Constructor.java:423) ~[na:1.8.0_181]
	at com.mysql.jdbc.Util.handleNewInstance(Util.java:377) ~[mysql-connector-java-5.1.34.jar:5.1.34]
	at com.mysql.jdbc.ConnectionImpl.getInstance(ConnectionImpl.java:395) ~[mysql-connector-java-5.1.34.jar:5.1.34]
	at com.mysql.jdbc.NonRegisteringDriver.connect(NonRegisteringDriver.java:325) ~[mysql-connector-java-5.1.34.jar:5.1.34]
	at com.mchange.v2.c3p0.DriverManagerDataSource.getConnection(DriverManagerDataSource.java:134) ~[c3p0-0.9.1.2.jar:0.9.1.2]
	at com.mchange.v2.c3p0.WrapperConnectionPoolDataSource.getPooledConnection(WrapperConnectionPoolDataSource.java:182) ~[c3p0-0.9.1.2.jar:0.9.1.2]
	at com.mchange.v2.c3p0.WrapperConnectionPoolDataSource.getPooledConnection(WrapperConnectionPoolDataSource.java:171) ~[c3p0-0.9.1.2.jar:0.9.1.2]
	at com.mchange.v2.c3p0.impl.C3P0PooledConnectionPool$1PooledConnectionResourcePoolManager.acquireResource(C3P0PooledConnectionPool.java:137) ~[c3p0-0.9.1.2.jar:0.9.1.2]
	at com.mchange.v2.resourcepool.BasicResourcePool.doAcquire(BasicResourcePool.java:1014) ~[c3p0-0.9.1.2.jar:0.9.1.2]
	at com.mchange.v2.resourcepool.BasicResourcePool.access$800(BasicResourcePool.java:32) ~[c3p0-0.9.1.2.jar:0.9.1.2]
	at com.mchange.v2.resourcepool.BasicResourcePool$AcquireTask.run(BasicResourcePool.java:1810) ~[c3p0-0.9.1.2.jar:0.9.1.2]
	at com.mchange.v2.async.ThreadPerTaskAsynchronousRunner$TaskThread.run(ThreadPerTaskAsynchronousRunner.java:255) [c3p0-0.9.1.2.jar:0.9.1.2]
Caused by: java.net.ConnectException: Connection timed out: connect
	at java.net.DualStackPlainSocketImpl.connect0(Native Method) ~[na:1.8.0_181]
	at java.net.DualStackPlainSocketImpl.socketConnect(DualStackPlainSocketImpl.java:79) ~[na:1.8.0_181]
	at java.net.AbstractPlainSocketImpl.doConnect(AbstractPlainSocketImpl.java:350) ~[na:1.8.0_181]
	at java.net.AbstractPlainSocketImpl.connectToAddress(AbstractPlainSocketImpl.java:206) ~[na:1.8.0_181]
	at java.net.AbstractPlainSocketImpl.connect(AbstractPlainSocketImpl.java:188) ~[na:1.8.0_181]
	at java.net.PlainSocketImpl.connect(PlainSocketImpl.java:172) ~[na:1.8.0_181]
	at java.net.SocksSocketImpl.connect(SocksSocketImpl.java:392) ~[na:1.8.0_181]
	at java.net.Socket.connect(Socket.java:589) ~[na:1.8.0_181]
	at com.mysql.jdbc.StandardSocketFactory.connect(StandardSocketFactory.java:213) ~[mysql-connector-java-5.1.34.jar:5.1.34]
	at com.mysql.jdbc.MysqlIO.<init>(MysqlIO.java:297) ~[mysql-connector-java-5.1.34.jar:5.1.34]
	... 19 common frames omitted

2020-07-22 17:01:25.355  INFO 4752 --- [main] j.LocalContainerEntityManagerFactoryBean : Building JPA container EntityManagerFactory for persistence unit 'default'
2020-07-22 17:01:25.358  INFO 4752 --- [main] o.hibernate.jpa.internal.util.LogHelper  : HHH000204: Processing PersistenceUnitInfo [
	name: default
	...]
2020-07-22 17:01:25.397  INFO 4752 --- [main] org.hibernate.Version                    : HHH000412: Hibernate Core {4.3.11.Final}
2020-07-22 17:01:25.398  INFO 4752 --- [main] org.hibernate.cfg.Environment            : HHH000206: hibernate.properties not found
2020-07-22 17:01:25.398  INFO 4752 --- [main] org.hibernate.cfg.Environment            : HHH000021: Bytecode provider name : javassist
2020-07-22 17:01:25.550  INFO 4752 --- [main] o.hibernate.annotations.common.Version   : HCANN000001: Hibernate Commons Annotations {4.0.5.Final}
2020-07-22 17:02:32.338  WARN 4752 --- [com.mchange.v2.async.ThreadPoolAsynchronousRunner$PoolThread-#0] c.m.v2.resourcepool.BasicResourcePool    : com.mchange.v2.resourcepool.BasicResourcePool$AcquireTask@7f4703e3 -- Acquisition Attempt Failed!!! Clearing pending acquires. While trying to acquire a needed new resource, we failed to succeed more than the maximum number of allowed acquisition attempts (30). Last acquisition attempt exception: 

com.mysql.jdbc.exceptions.jdbc4.CommunicationsException: Communications link failure

The last packet sent successfully to the server was 0 milliseconds ago. The driver has not received any packets from the server.
	at sun.reflect.GeneratedConstructorAccessor37.newInstance(Unknown Source) ~[na:na]
	at sun.reflect.DelegatingConstructorAccessorImpl.newInstance(DelegatingConstructorAccessorImpl.java:45) ~[na:1.8.0_181]
	at java.lang.reflect.Constructor.newInstance(Constructor.java:423) ~[na:1.8.0_181]
	at com.mysql.jdbc.Util.handleNewInstance(Util.java:377) ~[mysql-connector-java-5.1.34.jar:5.1.34]
	at com.mysql.jdbc.SQLError.createCommunicationsException(SQLError.java:1036) ~[mysql-connector-java-5.1.34.jar:5.1.34]
	at com.mysql.jdbc.MysqlIO.<init>(MysqlIO.java:338) ~[mysql-connector-java-5.1.34.jar:5.1.34]
	at com.mysql.jdbc.ConnectionImpl.coreConnect(ConnectionImpl.java:2232) ~[mysql-connector-java-5.1.34.jar:5.1.34]
	at com.mysql.jdbc.ConnectionImpl.connectOneTryOnly(ConnectionImpl.java:2265) ~[mysql-connector-java-5.1.34.jar:5.1.34]
	at com.mysql.jdbc.ConnectionImpl.createNewIO(ConnectionImpl.java:2064) ~[mysql-connector-java-5.1.34.jar:5.1.34]
	at com.mysql.jdbc.ConnectionImpl.<init>(ConnectionImpl.java:790) ~[mysql-connector-java-5.1.34.jar:5.1.34]
	at com.mysql.jdbc.JDBC4Connection.<init>(JDBC4Connection.java:44) ~[mysql-connector-java-5.1.34.jar:5.1.34]
	at sun.reflect.GeneratedConstructorAccessor34.newInstance(Unknown Source) ~[na:na]
	at sun.reflect.DelegatingConstructorAccessorImpl.newInstance(DelegatingConstructorAccessorImpl.java:45) ~[na:1.8.0_181]
	at java.lang.reflect.Constructor.newInstance(Constructor.java:423) ~[na:1.8.0_181]
	at com.mysql.jdbc.Util.handleNewInstance(Util.java:377) ~[mysql-connector-java-5.1.34.jar:5.1.34]
	at com.mysql.jdbc.ConnectionImpl.getInstance(ConnectionImpl.java:395) ~[mysql-connector-java-5.1.34.jar:5.1.34]
	at com.mysql.jdbc.NonRegisteringDriver.connect(NonRegisteringDriver.java:325) ~[mysql-connector-java-5.1.34.jar:5.1.34]
	at com.mchange.v2.c3p0.DriverManagerDataSource.getConnection(DriverManagerDataSource.java:134) ~[c3p0-0.9.1.2.jar:0.9.1.2]
	at com.mchange.v2.c3p0.WrapperConnectionPoolDataSource.getPooledConnection(WrapperConnectionPoolDataSource.java:182) ~[c3p0-0.9.1.2.jar:0.9.1.2]
	at com.mchange.v2.c3p0.WrapperConnectionPoolDataSource.getPooledConnection(WrapperConnectionPoolDataSource.java:171) ~[c3p0-0.9.1.2.jar:0.9.1.2]
	at com.mchange.v2.c3p0.impl.C3P0PooledConnectionPool$1PooledConnectionResourcePoolManager.acquireResource(C3P0PooledConnectionPool.java:137) ~[c3p0-0.9.1.2.jar:0.9.1.2]
	at com.mchange.v2.resourcepool.BasicResourcePool.doAcquire(BasicResourcePool.java:1014) ~[c3p0-0.9.1.2.jar:0.9.1.2]
	at com.mchange.v2.resourcepool.BasicResourcePool.access$800(BasicResourcePool.java:32) ~[c3p0-0.9.1.2.jar:0.9.1.2]
	at com.mchange.v2.resourcepool.BasicResourcePool$AcquireTask.run(BasicResourcePool.java:1810) ~[c3p0-0.9.1.2.jar:0.9.1.2]
	at com.mchange.v2.async.ThreadPoolAsynchronousRunner$PoolThread.run(ThreadPoolAsynchronousRunner.java:547) [c3p0-0.9.1.2.jar:0.9.1.2]
Caused by: java.net.ConnectException: Connection timed out: connect
	at java.net.DualStackPlainSocketImpl.connect0(Native Method) ~[na:1.8.0_181]
	at java.net.DualStackPlainSocketImpl.socketConnect(DualStackPlainSocketImpl.java:79) ~[na:1.8.0_181]
	at java.net.AbstractPlainSocketImpl.doConnect(AbstractPlainSocketImpl.java:350) ~[na:1.8.0_181]
	at java.net.AbstractPlainSocketImpl.connectToAddress(AbstractPlainSocketImpl.java:206) ~[na:1.8.0_181]
	at java.net.AbstractPlainSocketImpl.connect(AbstractPlainSocketImpl.java:188) ~[na:1.8.0_181]
	at java.net.PlainSocketImpl.connect(PlainSocketImpl.java:172) ~[na:1.8.0_181]
	at java.net.SocksSocketImpl.connect(SocksSocketImpl.java:392) ~[na:1.8.0_181]
	at java.net.Socket.connect(Socket.java:589) ~[na:1.8.0_181]
	at com.mysql.jdbc.StandardSocketFactory.connect(StandardSocketFactory.java:213) ~[mysql-connector-java-5.1.34.jar:5.1.34]
	at com.mysql.jdbc.MysqlIO.<init>(MysqlIO.java:297) ~[mysql-connector-java-5.1.34.jar:5.1.34]
	... 19 common frames omitted

2020-07-22 17:02:32.339  WARN 4752 --- [main] o.h.e.jdbc.internal.JdbcServicesImpl     : HHH000342: Could not obtain connection to query metadata : Connections could not be acquired from the underlying database!
2020-07-22 17:02:32.340  WARN 4752 --- [main] ationConfigEmbeddedWebApplicationContext : Exception encountered during context initialization - cancelling refresh attempt: org.springframework.beans.factory.BeanCreationException: Error creating bean with name 'entityManagerFactory' defined in class path resource [org/springframework/boot/autoconfigure/orm/jpa/HibernateJpaAutoConfiguration.class]: Invocation of init method failed; nested exception is org.hibernate.HibernateException: Access to DialectResolutionInfo cannot be null when 'hibernate.dialect' not set
2020-07-22 17:02:32.344  INFO 4752 --- [main] o.apache.catalina.core.StandardService   : Stopping service Tomcat
2020-07-22 17:02:32.350  INFO 4752 --- [main] .b.l.ClasspathLoggingApplicationListener : Application failed to start with classpath: [file:/C:/Program%20Files/Java/jdk1.8.0_181/jre/lib/charsets.jar, file:/C:/Program%20Files/Java/jdk1.8.0_181/jre/lib/deploy.jar, file:/C:/Program%20Files/Java/jdk1.8.0_181/jre/lib/ext/access-bridge-64.jar, file:/C:/Program%20Files/Java/jdk1.8.0_181/jre/lib/ext/cldrdata.jar, file:/C:/Program%20Files/Java/jdk1.8.0_181/jre/lib/ext/dnsns.jar, file:/C:/Program%20Files/Java/jdk1.8.0_181/jre/lib/ext/jaccess.jar, file:/C:/Program%20Files/Java/jdk1.8.0_181/jre/lib/ext/jfxrt.jar, file:/C:/Program%20Files/Java/jdk1.8.0_181/jre/lib/ext/localedata.jar, file:/C:/Program%20Files/Java/jdk1.8.0_181/jre/lib/ext/nashorn.jar, file:/C:/Program%20Files/Java/jdk1.8.0_181/jre/lib/ext/sunec.jar, file:/C:/Program%20Files/Java/jdk1.8.0_181/jre/lib/ext/sunjce_provider.jar, file:/C:/Program%20Files/Java/jdk1.8.0_181/jre/lib/ext/sunmscapi.jar, file:/C:/Program%20Files/Java/jdk1.8.0_181/jre/lib/ext/sunpkcs11.jar, file:/C:/Program%20Files/Java/jdk1.8.0_181/jre/lib/ext/zipfs.jar, file:/C:/Program%20Files/Java/jdk1.8.0_181/jre/lib/javaws.jar, file:/C:/Program%20Files/Java/jdk1.8.0_181/jre/lib/jce.jar, file:/C:/Program%20Files/Java/jdk1.8.0_181/jre/lib/jfr.jar, file:/C:/Program%20Files/Java/jdk1.8.0_181/jre/lib/jfxswt.jar, file:/C:/Program%20Files/Java/jdk1.8.0_181/jre/lib/jsse.jar, file:/C:/Program%20Files/Java/jdk1.8.0_181/jre/lib/management-agent.jar, file:/C:/Program%20Files/Java/jdk1.8.0_181/jre/lib/plugin.jar, file:/C:/Program%20Files/Java/jdk1.8.0_181/jre/lib/resources.jar, file:/C:/Program%20Files/Java/jdk1.8.0_181/jre/lib/rt.jar, file:/E:/source/transfer/target/classes/, file:/D:/maven/repo/org/springframework/boot/spring-boot-starter-web/1.3.0.RELEASE/spring-boot-starter-web-1.3.0.RELEASE.jar, file:/D:/maven/repo/org/springframework/boot/spring-boot-starter/1.3.0.RELEASE/spring-boot-starter-1.3.0.RELEASE.jar, file:/D:/maven/repo/org/springframework/boot/spring-boot/1.3.0.RELEASE/spring-boot-1.3.0.RELEASE.jar, file:/D:/maven/repo/org/springframework/boot/spring-boot-autoconfigure/1.3.0.RELEASE/spring-boot-autoconfigure-1.3.0.RELEASE.jar, file:/D:/maven/repo/org/springframework/boot/spring-boot-starter-logging/1.3.0.RELEASE/spring-boot-starter-logging-1.3.0.RELEASE.jar, file:/D:/maven/repo/ch/qos/logback/logback-classic/1.1.3/logback-classic-1.1.3.jar, file:/D:/maven/repo/ch/qos/logback/logback-core/1.1.3/logback-core-1.1.3.jar, file:/D:/maven/repo/org/slf4j/jul-to-slf4j/1.7.13/jul-to-slf4j-1.7.13.jar, file:/D:/maven/repo/org/slf4j/log4j-over-slf4j/1.7.13/log4j-over-slf4j-1.7.13.jar, file:/D:/maven/repo/org/yaml/snakeyaml/1.16/snakeyaml-1.16.jar, file:/D:/maven/repo/org/springframework/boot/spring-boot-starter-tomcat/1.3.0.RELEASE/spring-boot-starter-tomcat-1.3.0.RELEASE.jar, file:/D:/maven/repo/org/apache/tomcat/embed/tomcat-embed-core/8.0.28/tomcat-embed-core-8.0.28.jar, file:/D:/maven/repo/org/apache/tomcat/embed/tomcat-embed-el/8.0.28/tomcat-embed-el-8.0.28.jar, file:/D:/maven/repo/org/apache/tomcat/embed/tomcat-embed-logging-juli/8.0.28/tomcat-embed-logging-juli-8.0.28.jar, file:/D:/maven/repo/org/apache/tomcat/embed/tomcat-embed-websocket/8.0.28/tomcat-embed-websocket-8.0.28.jar, file:/D:/maven/repo/org/springframework/boot/spring-boot-starter-validation/1.3.0.RELEASE/spring-boot-starter-validation-1.3.0.RELEASE.jar, file:/D:/maven/repo/org/hibernate/hibernate-validator/5.2.2.Final/hibernate-validator-5.2.2.Final.jar, file:/D:/maven/repo/javax/validation/validation-api/1.1.0.Final/validation-api-1.1.0.Final.jar, file:/D:/maven/repo/com/fasterxml/jackson/core/jackson-databind/2.6.3/jackson-databind-2.6.3.jar, file:/D:/maven/repo/com/fasterxml/jackson/core/jackson-annotations/2.6.3/jackson-annotations-2.6.3.jar, file:/D:/maven/repo/com/fasterxml/jackson/core/jackson-core/2.6.3/jackson-core-2.6.3.jar, file:/D:/maven/repo/org/springframework/spring-web/4.2.3.RELEASE/spring-web-4.2.3.RELEASE.jar, file:/D:/maven/repo/org/springframework/spring-aop/4.2.3.RELEASE/spring-aop-4.2.3.RELEASE.jar, file:/D:/maven/repo/aopalliance/aopalliance/1.0/aopalliance-1.0.jar, file:/D:/maven/repo/org/springframework/spring-beans/4.2.3.RELEASE/spring-beans-4.2.3.RELEASE.jar, file:/D:/maven/repo/org/springframework/spring-context/4.2.3.RELEASE/spring-context-4.2.3.RELEASE.jar, file:/D:/maven/repo/org/springframework/spring-webmvc/4.2.3.RELEASE/spring-webmvc-4.2.3.RELEASE.jar, file:/D:/maven/repo/org/springframework/spring-expression/4.2.3.RELEASE/spring-expression-4.2.3.RELEASE.jar, file:/D:/maven/repo/org/springframework/boot/spring-boot-starter-data-jpa/1.3.0.RELEASE/spring-boot-starter-data-jpa-1.3.0.RELEASE.jar, file:/D:/maven/repo/org/springframework/boot/spring-boot-starter-aop/1.3.0.RELEASE/spring-boot-starter-aop-1.3.0.RELEASE.jar, file:/D:/maven/repo/org/aspectj/aspectjweaver/1.8.7/aspectjweaver-1.8.7.jar, file:/D:/maven/repo/org/springframework/boot/spring-boot-starter-jdbc/1.3.0.RELEASE/spring-boot-starter-jdbc-1.3.0.RELEASE.jar, file:/D:/maven/repo/org/apache/tomcat/tomcat-jdbc/8.0.28/tomcat-jdbc-8.0.28.jar, file:/D:/maven/repo/org/apache/tomcat/tomcat-juli/8.0.28/tomcat-juli-8.0.28.jar, file:/D:/maven/repo/org/springframework/spring-jdbc/4.2.3.RELEASE/spring-jdbc-4.2.3.RELEASE.jar, file:/D:/maven/repo/org/hibernate/hibernate-entitymanager/4.3.11.Final/hibernate-entitymanager-4.3.11.Final.jar, file:/D:/maven/repo/org/jboss/logging/jboss-logging/3.3.0.Final/jboss-logging-3.3.0.Final.jar, file:/D:/maven/repo/org/jboss/logging/jboss-logging-annotations/1.2.0.Beta1/jboss-logging-annotations-1.2.0.Beta1.jar, file:/D:/maven/repo/org/hibernate/hibernate-core/4.3.11.Final/hibernate-core-4.3.11.Final.jar, file:/D:/maven/repo/antlr/antlr/2.7.7/antlr-2.7.7.jar, file:/D:/maven/repo/org/jboss/jandex/1.1.0.Final/jandex-1.1.0.Final.jar, file:/D:/maven/repo/dom4j/dom4j/1.6.1/dom4j-1.6.1.jar, file:/D:/maven/repo/xml-apis/xml-apis/1.0.b2/xml-apis-1.0.b2.jar, file:/D:/maven/repo/org/hibernate/common/hibernate-commons-annotations/4.0.5.Final/hibernate-commons-annotations-4.0.5.Final.jar, file:/D:/maven/repo/org/hibernate/javax/persistence/hibernate-jpa-2.1-api/1.0.0.Final/hibernate-jpa-2.1-api-1.0.0.Final.jar, file:/D:/maven/repo/org/javassist/javassist/3.18.1-GA/javassist-3.18.1-GA.jar, file:/D:/maven/repo/javax/transaction/javax.transaction-api/1.2/javax.transaction-api-1.2.jar, file:/D:/maven/repo/org/springframework/data/spring-data-jpa/1.9.1.RELEASE/spring-data-jpa-1.9.1.RELEASE.jar, file:/D:/maven/repo/org/springframework/data/spring-data-commons/1.11.1.RELEASE/spring-data-commons-1.11.1.RELEASE.jar, file:/D:/maven/repo/org/springframework/spring-orm/4.2.3.RELEASE/spring-orm-4.2.3.RELEASE.jar, file:/D:/maven/repo/org/springframework/spring-tx/4.2.3.RELEASE/spring-tx-4.2.3.RELEASE.jar, file:/D:/maven/repo/org/slf4j/jcl-over-slf4j/1.7.13/jcl-over-slf4j-1.7.13.jar, file:/D:/maven/repo/org/springframework/spring-aspects/4.2.3.RELEASE/spring-aspects-4.2.3.RELEASE.jar, file:/D:/maven/repo/mysql/mysql-connector-java/5.1.34/mysql-connector-java-5.1.34.jar, file:/D:/maven/repo/org/mybatis/mybatis/3.2.8/mybatis-3.2.8.jar, file:/D:/maven/repo/org/mybatis/mybatis-spring/1.2.2/mybatis-spring-1.2.2.jar, file:/D:/maven/repo/org/json/json/20090211/json-20090211.jar, file:/D:/maven/repo/org/springframework/spring-core/4.2.3.RELEASE/spring-core-4.2.3.RELEASE.jar, file:/D:/maven/repo/com/mangofactory/swagger-springmvc/1.0.2/swagger-springmvc-1.0.2.jar, file:/D:/maven/repo/com/wordnik/swagger-annotations/1.3.11/swagger-annotations-1.3.11.jar, file:/D:/maven/repo/com/google/guava/guava/15.0/guava-15.0.jar, file:/D:/maven/repo/com/fasterxml/classmate/1.1.0/classmate-1.1.0.jar, file:/D:/maven/repo/org/slf4j/slf4j-api/1.7.13/slf4j-api-1.7.13.jar, file:/D:/maven/repo/joda-time/joda-time/2.8.2/joda-time-2.8.2.jar, file:/D:/maven/repo/com/mangofactory/swagger-models/1.0.2/swagger-models-1.0.2.jar, file:/D:/maven/repo/org/springframework/boot/spring-boot-starter-redis/1.3.0.RELEASE/spring-boot-starter-redis-1.3.0.RELEASE.jar, file:/D:/maven/repo/org/springframework/data/spring-data-redis/1.6.1.RELEASE/spring-data-redis-1.6.1.RELEASE.jar, file:/D:/maven/repo/org/springframework/spring-context-support/4.2.3.RELEASE/spring-context-support-4.2.3.RELEASE.jar, file:/D:/maven/repo/redis/clients/jedis/2.7.3/jedis-2.7.3.jar, file:/D:/maven/repo/org/apache/commons/commons-pool2/2.4.2/commons-pool2-2.4.2.jar, file:/D:/maven/repo/c3p0/c3p0/0.9.1.2/c3p0-0.9.1.2.jar, file:/D:/Program%20Files/JetBrains/IntelliJ%20IDEA%202019.3.1/lib/idea_rt.jar]
2020-07-22 17:02:32.351 ERROR 4752 --- [main] o.s.boot.SpringApplication               : Application startup failed

org.springframework.beans.factory.BeanCreationException: Error creating bean with name 'entityManagerFactory' defined in class path resource [org/springframework/boot/autoconfigure/orm/jpa/HibernateJpaAutoConfiguration.class]: Invocation of init method failed; nested exception is org.hibernate.HibernateException: Access to DialectResolutionInfo cannot be null when 'hibernate.dialect' not set
	at org.springframework.beans.factory.support.AbstractAutowireCapableBeanFactory.initializeBean(AbstractAutowireCapableBeanFactory.java:1578) ~[spring-beans-4.2.3.RELEASE.jar:4.2.3.RELEASE]
	at org.springframework.beans.factory.support.AbstractAutowireCapableBeanFactory.doCreateBean(AbstractAutowireCapableBeanFactory.java:545) ~[spring-beans-4.2.3.RELEASE.jar:4.2.3.RELEASE]
	at org.springframework.beans.factory.support.AbstractAutowireCapableBeanFactory.createBean(AbstractAutowireCapableBeanFactory.java:482) ~[spring-beans-4.2.3.RELEASE.jar:4.2.3.RELEASE]
	at org.springframework.beans.factory.support.AbstractBeanFactory$1.getObject(AbstractBeanFactory.java:306) ~[spring-beans-4.2.3.RELEASE.jar:4.2.3.RELEASE]
	at org.springframework.beans.factory.support.DefaultSingletonBeanRegistry.getSingleton(DefaultSingletonBeanRegistry.java:230) ~[spring-beans-4.2.3.RELEASE.jar:4.2.3.RELEASE]
	at org.springframework.beans.factory.support.AbstractBeanFactory.doGetBean(AbstractBeanFactory.java:302) ~[spring-beans-4.2.3.RELEASE.jar:4.2.3.RELEASE]
	at org.springframework.beans.factory.support.AbstractBeanFactory.getBean(AbstractBeanFactory.java:197) ~[spring-beans-4.2.3.RELEASE.jar:4.2.3.RELEASE]
	at org.springframework.context.support.AbstractApplicationContext.getBean(AbstractApplicationContext.java:1051) ~[spring-context-4.2.3.RELEASE.jar:4.2.3.RELEASE]
	at org.springframework.context.support.AbstractApplicationContext.finishBeanFactoryInitialization(AbstractApplicationContext.java:828) ~[spring-context-4.2.3.RELEASE.jar:4.2.3.RELEASE]
	at org.springframework.context.support.AbstractApplicationContext.refresh(AbstractApplicationContext.java:537) ~[spring-context-4.2.3.RELEASE.jar:4.2.3.RELEASE]
	at org.springframework.boot.context.embedded.EmbeddedWebApplicationContext.refresh(EmbeddedWebApplicationContext.java:118) ~[spring-boot-1.3.0.RELEASE.jar:1.3.0.RELEASE]
	at org.springframework.boot.SpringApplication.refresh(SpringApplication.java:752) ~[spring-boot-1.3.0.RELEASE.jar:1.3.0.RELEASE]
	at org.springframework.boot.SpringApplication.doRun(SpringApplication.java:347) ~[spring-boot-1.3.0.RELEASE.jar:1.3.0.RELEASE]
	at org.springframework.boot.SpringApplication.run(SpringApplication.java:295) ~[spring-boot-1.3.0.RELEASE.jar:1.3.0.RELEASE]
	at com.bfec.transfer.Application.main(Application.java:22) [classes/:na]
Caused by: org.hibernate.HibernateException: Access to DialectResolutionInfo cannot be null when 'hibernate.dialect' not set
	at org.hibernate.engine.jdbc.dialect.internal.DialectFactoryImpl.determineDialect(DialectFactoryImpl.java:104) ~[hibernate-core-4.3.11.Final.jar:4.3.11.Final]
	at org.hibernate.engine.jdbc.dialect.internal.DialectFactoryImpl.buildDialect(DialectFactoryImpl.java:71) ~[hibernate-core-4.3.11.Final.jar:4.3.11.Final]
	at org.hibernate.engine.jdbc.internal.JdbcServicesImpl.configure(JdbcServicesImpl.java:205) ~[hibernate-core-4.3.11.Final.jar:4.3.11.Final]
	at org.hibernate.boot.registry.internal.StandardServiceRegistryImpl.configureService(StandardServiceRegistryImpl.java:111) ~[hibernate-core-4.3.11.Final.jar:4.3.11.Final]
	at org.hibernate.service.internal.AbstractServiceRegistryImpl.initializeService(AbstractServiceRegistryImpl.java:234) ~[hibernate-core-4.3.11.Final.jar:4.3.11.Final]
	at org.hibernate.service.internal.AbstractServiceRegistryImpl.getService(AbstractServiceRegistryImpl.java:206) ~[hibernate-core-4.3.11.Final.jar:4.3.11.Final]
	at org.hibernate.cfg.Configuration.buildTypeRegistrations(Configuration.java:1887) ~[hibernate-core-4.3.11.Final.jar:4.3.11.Final]
	at org.hibernate.cfg.Configuration.buildSessionFactory(Configuration.java:1845) ~[hibernate-core-4.3.11.Final.jar:4.3.11.Final]
	at org.hibernate.jpa.boot.internal.EntityManagerFactoryBuilderImpl$4.perform(EntityManagerFactoryBuilderImpl.java:857) ~[hibernate-entitymanager-4.3.11.Final.jar:4.3.11.Final]
	at org.hibernate.jpa.boot.internal.EntityManagerFactoryBuilderImpl$4.perform(EntityManagerFactoryBuilderImpl.java:850) ~[hibernate-entitymanager-4.3.11.Final.jar:4.3.11.Final]
	at org.hibernate.boot.registry.classloading.internal.ClassLoaderServiceImpl.withTccl(ClassLoaderServiceImpl.java:425) ~[hibernate-core-4.3.11.Final.jar:4.3.11.Final]
	at org.hibernate.jpa.boot.internal.EntityManagerFactoryBuilderImpl.build(EntityManagerFactoryBuilderImpl.java:849) ~[hibernate-entitymanager-4.3.11.Final.jar:4.3.11.Final]
	at org.springframework.orm.jpa.vendor.SpringHibernateJpaPersistenceProvider.createContainerEntityManagerFactory(SpringHibernateJpaPersistenceProvider.java:60) ~[spring-orm-4.2.3.RELEASE.jar:4.2.3.RELEASE]
	at org.springframework.orm.jpa.LocalContainerEntityManagerFactoryBean.createNativeEntityManagerFactory(LocalContainerEntityManagerFactoryBean.java:343) ~[spring-orm-4.2.3.RELEASE.jar:4.2.3.RELEASE]
	at org.springframework.orm.jpa.AbstractEntityManagerFactoryBean.afterPropertiesSet(AbstractEntityManagerFactoryBean.java:318) ~[spring-orm-4.2.3.RELEASE.jar:4.2.3.RELEASE]
	at org.springframework.beans.factory.support.AbstractAutowireCapableBeanFactory.invokeInitMethods(AbstractAutowireCapableBeanFactory.java:1637) ~[spring-beans-4.2.3.RELEASE.jar:4.2.3.RELEASE]
	at org.springframework.beans.factory.support.AbstractAutowireCapableBeanFactory.initializeBean(AbstractAutowireCapableBeanFactory.java:1574) ~[spring-beans-4.2.3.RELEASE.jar:4.2.3.RELEASE]
	... 14 common frames omitted

